<?xml version="1.0" encoding="UTF-8"?>
<testsuite xmlns:xsi="http://www.w3.org/2001/XMLSchema-instance" xsi:noNamespaceSchemaLocation="https://maven.apache.org/surefire/maven-surefire-plugin/xsd/surefire-test-report.xsd" name="com.vueling.runner.CucumberRunnerTest" time="31.144" tests="1" errors="1" skipped="0" failures="0">
  <properties>
[...]
</properties>
  <testcase name="(Automate Vueling&apos;s ticket selling web)" classname="Automate Vueling&apos;s ticket selling web" time="28.894">
    <error message="Index: 6, Size: 0" type="java.lang.IndexOutOfBoundsException">java.lang.IndexOutOfBoundsException: Index: 6, Size: 0
</error>
    <system-err><![CDATA[[main] INFO com.vueling.support.Hooks - Starting 
[main] INFO com.vueling.manager.DriverFactory - Initializing Selenium Driver
[main] INFO io.github.bonigarcia.wdm.WebDriverManager - Using chromedriver 103.0.5060.134 (resolved driver for Chrome 103)
[main] INFO io.github.bonigarcia.wdm.WebDriverManager - Exporting webdriver.chrome.driver as C:\Users\rgarciam\.cache\selenium\chromedriver\win32\103.0.5060.134\chromedriver.exe
Starting ChromeDriver 103.0.5060.134 (8ec6fce403b3feb0869b0732eda8bd95011d333c-refs/branch-heads/5060@{#1262}) on port 48497
Only local connections are allowed.
Please see https://chromedriver.chromium.org/security-considerations for suggestions on keeping ChromeDriver safe.
ChromeDriver was started successfully.
jul 28, 2022 1:51:17 PM org.openqa.selenium.remote.ProtocolHandshake createSession
INFORMACIÓN: Detected dialect: W3C
[main] INFO com.vueling.manager.DriverFactory - Driver is initialized
[main] INFO com.vueling.stepdefs.TicketsVuelingHomeStepsDef - The user is on the Vueling Page
[main] INFO com.vueling.stepdefs.TicketsVuelingHomeStepsDef - The user will select a Return ticket from Barcelona to Madrid
[main] INFO com.vueling.stepdefs.TicketsVuelingHomeStepsDef - The user has selected the departure and return date for the flight.
[main] INFO com.vueling.pages.TicketsVuelingHomePage - The calendar for date selection is visible.
[main] INFO com.vueling.stepdefs.TicketsVuelingHomeStepsDef - The user has selected the departure and return date for the flight.
[main] INFO com.vueling.stepdefs.TicketsVuelingHomeStepsDef - The user has selected the departure and return date for the flight.
[main] INFO com.vueling.stepdefs.ScheduleSelectStepsDef - The user is on the Vueling Page
[main] INFO com.vueling.support.Hooks - Ending 
]]></system-err>
  </testcase>
</testsuite>