<?xml version="1.0" encoding="UTF-8"?>
<testsuite xmlns:xsi="http://www.w3.org/2001/XMLSchema-instance" xsi:noNamespaceSchemaLocation="https://maven.apache.org/surefire/maven-surefire-plugin/xsd/surefire-test-report.xsd" name="com.hiberus.university.selenium.runner.CucumberRunnerTest" time="137.287" tests="20" errors="3" skipped="0" failures="2">
  <properties>
[...]
</properties>
  <testcase name="Validar que el precio de un producto a comprar es correcto como usuario registrado" classname="Verificar checkout" time="16.551"/>
  <testcase name="Validar el número de resultados" classname="Verificar el funcionamiento de los productos destacados" time="3.188"/>
  <testcase name="Validar la existencia de un producto #1" classname="Verificar el funcionamiento de los productos destacados" time="3.532"/>
  <testcase name="Validar la existencia de un producto #2" classname="Verificar el funcionamiento de los productos destacados" time="3.474"/>
  <testcase name="Validar la existencia de un producto #3" classname="Verificar el funcionamiento de los productos destacados" time="3.261"/>
  <testcase name="Validar la existencia de un producto #4" classname="Verificar el funcionamiento de los productos destacados" time="3.499"/>
  <testcase name="Validar que un producto se anade al carrito #1" classname="Verificar el funcionamiento de los productos destacados" time="6.111"/>
  <testcase name="Validar que un producto se anade al carrito #2" classname="Verificar el funcionamiento de los productos destacados" time="6.036"/>
  <testcase name="Validar que un producto se anade al carrito #3" classname="Verificar el funcionamiento de los productos destacados" time="14.978">
    <error message="Expected condition failed: waiting for condition to not be valid: text (&apos;0 item(s) - $0.00&apos;) to be present in element found by By.id: cart-total (tried for 10 second(s) with PT2S interval)&#10;Build info: version: &apos;3.141.59&apos;, revision: &apos;e82be7d358&apos;, time: &apos;2018-11-14T08:17:03&apos;&#10;System info: host: &apos;IVAN&apos;, ip: &apos;26.26.40.170&apos;, os.name: &apos;Windows 11&apos;, os.arch: &apos;amd64&apos;, os.version: &apos;10.0&apos;, java.version: &apos;1.8.0_402-402&apos;&#10;Driver info: driver.version: unknown" type="org.openqa.selenium.TimeoutException">org.openqa.selenium.TimeoutException: 
Expected condition failed: waiting for condition to not be valid: text ('0 item(s) - $0.00') to be present in element found by By.id: cart-total (tried for 10 second(s) with PT2S interval)
Build info: version: '3.141.59', revision: 'e82be7d358', time: '2018-11-14T08:17:03'
System info: host: 'IVAN', ip: '26.26.40.170', os.name: 'Windows 11', os.arch: 'amd64', os.version: '10.0', java.version: '1.8.0_402-402'
Driver info: driver.version: unknown
</error>
    <system-out><![CDATA[prizeWithoutTax - - 1191.0

Scenario: Validar que el precio de un producto a comprar es correcto como usuario registrado                                                                                                                                      &amp#27;[90m# src/test/resources/checkout.feature:16&amp#27;[0m
  &amp#27;[32mGiven &amp#27;[0m&amp#27;[32mme encuentro en la pagina home&amp#27;[0m                                                                                                                                                                                            &amp#27;[90m# com.hiberus.university.selenium.stepdefs.HomePageSteps.me_encuentro_en_la_pagina_home()&amp#27;[0m
  &amp#27;[32mWhen &amp#27;[0m&amp#27;[32manado el producto &amp#27;[0m&amp#27;[32m&amp#27;[1m"MacBook"&amp#27;[0m&amp#27;[32m al carrito&amp#27;[0m                                                                                                                                                                                     &amp#27;[90m# com.hiberus.university.selenium.stepdefs.FeaturedProductsSteps.anado_el_producto_al_carrito(java.lang.String)&amp#27;[0m
  &amp#27;[32mAnd &amp#27;[0m&amp#27;[32mhago click en el boton de checkout&amp#27;[0m                                                                                                                                                                                          &amp#27;[90m# com.hiberus.university.selenium.stepdefs.HomePageSteps.hago_click_en_el_boton_checkout()&amp#27;[0m
  &amp#27;[32mAnd &amp#27;[0m&amp#27;[32mintroduzco el email &amp#27;[0m&amp#27;[32m&amp#27;[1m"ivangomcav@gmail.com"&amp#27;[0m&amp#27;[32m y la contrasena &amp#27;[0m&amp#27;[32m&amp#27;[1m"Boligrafo_12"&amp#27;[0m&amp#27;[32m en el checkout&amp#27;[0m                                                                                                                                    &amp#27;[90m# com.hiberus.university.selenium.stepdefs.CheckoutPageSteps.introduzco_el_email_y_la_contrasena_en_el_checkout(java.lang.String,java.lang.String)&amp#27;[0m
  &amp#27;[32mAnd &amp#27;[0m&amp#27;[32mintroduzco los datos de facturacion: firstName &amp#27;[0m&amp#27;[32m&amp#27;[1m"Ivan"&amp#27;[0m&amp#27;[32m, lastName &amp#27;[0m&amp#27;[32m&amp#27;[1m"Gomez"&amp#27;[0m&amp#27;[32m, company &amp#27;[0m&amp#27;[32m&amp#27;[1m"Hiberus"&amp#27;[0m&amp#27;[32m, address1 &amp#27;[0m&amp#27;[32m&amp#27;[1m"C. de los Vinos de la Ribera del Duero, 7"&amp#27;[0m&amp#27;[32m, city &amp#27;[0m&amp#27;[32m&amp#27;[1m"Valladolid"&amp#27;[0m&amp#27;[32m, postCode &amp#27;[0m&amp#27;[32m&amp#27;[1m"47008"&amp#27;[0m&amp#27;[32m, country &amp#27;[0m&amp#27;[32m&amp#27;[1m"Spain"&amp#27;[0m&amp#27;[32m, region &amp#27;[0m&amp#27;[32m&amp#27;[1m"Valladolid"&amp#27;[0m &amp#27;[90m# com.hiberus.university.selenium.stepdefs.CheckoutPageSteps.introduzco_los_datos_de_facturacion_first_name_last_name_company_address1_city_post_code_country_region(java.lang.String,java.lang.String,java.lang.String,java.lang.String,java.lang.String,java.lang.String,java.lang.String,java.lang.String)&amp#27;[0m
  &amp#27;[32mAnd &amp#27;[0m&amp#27;[32mhago click en el boton de continuar en el payment method aceptando los terminos y condiciones&amp#27;[0m                                                                                                                               &amp#27;[90m# com.hiberus.university.selenium.stepdefs.CheckoutPageSteps.hago_click_en_el_boton_de_continuar_en_el_payment_method_aceptando_los_terminos_y_condiciones()&amp#27;[0m
  &amp#27;[32mThen &amp#27;[0m&amp#27;[32mcompruebo que el subtotal es el esperado&amp#27;[0m                                                                                                                                                                                   &amp#27;[90m# com.hiberus.university.selenium.stepdefs.CheckoutPageSteps.compruebo_que_el_subtotal_es()&amp#27;[0m

Scenario: Validar el nÃºmero de resultados        &amp#27;[90m# src/test/resources/featuredProducts.feature:6&amp#27;[0m
  &amp#27;[32mGiven &amp#27;[0m&amp#27;[32mme encuentro en la pagina home&amp#27;[0m           &amp#27;[90m# com.hiberus.university.selenium.stepdefs.HomePageSteps.me_encuentro_en_la_pagina_home()&amp#27;[0m
  &amp#27;[32mThen &amp#27;[0m&amp#27;[32men el apartado featured hay &amp#27;[0m&amp#27;[32m&amp#27;[1m"4"&amp#27;[0m&amp#27;[32m productos&amp#27;[0m &amp#27;[90m# com.hiberus.university.selenium.stepdefs.FeaturedProductsSteps.en_el_apartado_featured_hay_productos(java.lang.String)&amp#27;[0m

Scenario: Validar la existencia de un producto    &amp#27;[90m# src/test/resources/featuredProducts.feature:14&amp#27;[0m
  &amp#27;[32mGiven &amp#27;[0m&amp#27;[32mme encuentro en la pagina home&amp#27;[0m            &amp#27;[90m# com.hiberus.university.selenium.stepdefs.HomePageSteps.me_encuentro_en_la_pagina_home()&amp#27;[0m
  &amp#27;[32mThen &amp#27;[0m&amp#27;[32mcompruebo que el producto &amp#27;[0m&amp#27;[32m&amp#27;[1m"MacBook"&amp#27;[0m&amp#27;[32m existe&amp#27;[0m &amp#27;[90m# com.hiberus.university.selenium.stepdefs.FeaturedProductsSteps.compruebo_que_el_producto_existe(java.lang.String)&amp#27;[0m

Scenario: Validar la existencia de un producto   &amp#27;[90m# src/test/resources/featuredProducts.feature:15&amp#27;[0m
  &amp#27;[32mGiven &amp#27;[0m&amp#27;[32mme encuentro en la pagina home&amp#27;[0m           &amp#27;[90m# com.hiberus.university.selenium.stepdefs.HomePageSteps.me_encuentro_en_la_pagina_home()&amp#27;[0m
  &amp#27;[32mThen &amp#27;[0m&amp#27;[32mcompruebo que el producto &amp#27;[0m&amp#27;[32m&amp#27;[1m"iPhone"&amp#27;[0m&amp#27;[32m existe&amp#27;[0m &amp#27;[90m# com.hiberus.university.selenium.stepdefs.FeaturedProductsSteps.compruebo_que_el_producto_existe(java.lang.String)&amp#27;[0m

Scenario: Validar la existencia de un producto              &amp#27;[90m# src/test/resources/featuredProducts.feature:16&amp#27;[0m
  &amp#27;[32mGiven &amp#27;[0m&amp#27;[32mme encuentro en la pagina home&amp#27;[0m                      &amp#27;[90m# com.hiberus.university.selenium.stepdefs.HomePageSteps.me_encuentro_en_la_pagina_home()&amp#27;[0m
  &amp#27;[32mThen &amp#27;[0m&amp#27;[32mcompruebo que el producto &amp#27;[0m&amp#27;[32m&amp#27;[1m"Apple Cinema 30\""&amp#27;[0m&amp#27;[32m existe&amp#27;[0m &amp#27;[90m# com.hiberus.university.selenium.stepdefs.FeaturedProductsSteps.compruebo_que_el_producto_existe(java.lang.String)&amp#27;[0m

Scenario: Validar la existencia de un producto         &amp#27;[90m# src/test/resources/featuredProducts.feature:17&amp#27;[0m
  &amp#27;[32mGiven &amp#27;[0m&amp#27;[32mme encuentro en la pagina home&amp#27;[0m                 &amp#27;[90m# com.hiberus.university.selenium.stepdefs.HomePageSteps.me_encuentro_en_la_pagina_home()&amp#27;[0m
  &amp#27;[32mThen &amp#27;[0m&amp#27;[32mcompruebo que el producto &amp#27;[0m&amp#27;[32m&amp#27;[1m"Canon EOS 5D"&amp#27;[0m&amp#27;[32m existe&amp#27;[0m &amp#27;[90m# com.hiberus.university.selenium.stepdefs.FeaturedProductsSteps.compruebo_que_el_producto_existe(java.lang.String)&amp#27;[0m

Scenario: Validar que un producto se anade al carrito &amp#27;[90m# src/test/resources/featuredProducts.feature:26&amp#27;[0m
  &amp#27;[32mGiven &amp#27;[0m&amp#27;[32mme encuentro en la pagina home&amp#27;[0m                &amp#27;[90m# com.hiberus.university.selenium.stepdefs.HomePageSteps.me_encuentro_en_la_pagina_home()&amp#27;[0m
  &amp#27;[32mWhen &amp#27;[0m&amp#27;[32manado el producto &amp#27;[0m&amp#27;[32m&amp#27;[1m"MacBook"&amp#27;[0m&amp#27;[32m al carrito&amp#27;[0m         &amp#27;[90m# com.hiberus.university.selenium.stepdefs.FeaturedProductsSteps.anado_el_producto_al_carrito(java.lang.String)&amp#27;[0m
  &amp#27;[32mAnd &amp#27;[0m&amp#27;[32mhago click en el boton de carrito negro&amp#27;[0m         &amp#27;[90m# com.hiberus.university.selenium.stepdefs.FeaturedProductsSteps.hago_click_en_el_boton_de_carrito_negro()&amp#27;[0m
  &amp#27;[32mThen &amp#27;[0m&amp#27;[32mcompruebo que en el carrito hay &amp#27;[0m&amp#27;[32m&amp#27;[1m"1"&amp#27;[0m&amp#27;[32m elementos&amp#27;[0m  &amp#27;[90m# com.hiberus.university.selenium.stepdefs.FeaturedProductsSteps.compruebo_que_en_el_carrito_hay_elemento(java.lang.String)&amp#27;[0m

Scenario: Validar que un producto se anade al carrito &amp#27;[90m# src/test/resources/featuredProducts.feature:27&amp#27;[0m
  &amp#27;[32mGiven &amp#27;[0m&amp#27;[32mme encuentro en la pagina home&amp#27;[0m                &amp#27;[90m# com.hiberus.university.selenium.stepdefs.HomePageSteps.me_encuentro_en_la_pagina_home()&amp#27;[0m
  &amp#27;[32mWhen &amp#27;[0m&amp#27;[32manado el producto &amp#27;[0m&amp#27;[32m&amp#27;[1m"iPhone"&amp#27;[0m&amp#27;[32m al carrito&amp#27;[0m          &amp#27;[90m# com.hiberus.university.selenium.stepdefs.FeaturedProductsSteps.anado_el_producto_al_carrito(java.lang.String)&amp#27;[0m
  &amp#27;[32mAnd &amp#27;[0m&amp#27;[32mhago click en el boton de carrito negro&amp#27;[0m         &amp#27;[90m# com.hiberus.university.selenium.stepdefs.FeaturedProductsSteps.hago_click_en_el_boton_de_carrito_negro()&amp#27;[0m
  &amp#27;[32mThen &amp#27;[0m&amp#27;[32mcompruebo que en el carrito hay &amp#27;[0m&amp#27;[32m&amp#27;[1m"1"&amp#27;[0m&amp#27;[32m elementos&amp#27;[0m  &amp#27;[90m# com.hiberus.university.selenium.stepdefs.FeaturedProductsSteps.compruebo_que_en_el_carrito_hay_elemento(java.lang.String)&amp#27;[0m

Scenario: Validar que un producto se anade al carrito   &amp#27;[90m# src/test/resources/featuredProducts.feature:28&amp#27;[0m
  &amp#27;[32mGiven &amp#27;[0m&amp#27;[32mme encuentro en la pagina home&amp#27;[0m                  &amp#27;[90m# com.hiberus.university.selenium.stepdefs.HomePageSteps.me_encuentro_en_la_pagina_home()&amp#27;[0m
  &amp#27;[31mWhen &amp#27;[0m&amp#27;[31manado el producto &amp#27;[0m&amp#27;[31m&amp#27;[1m"Apple Cinema 30\""&amp#27;[0m&amp#27;[31m al carrito&amp#27;[0m &amp#27;[90m# com.hiberus.university.selenium.stepdefs.FeaturedProductsSteps.anado_el_producto_al_carrito(java.lang.String)&amp#27;[0m
      &amp#27;[31morg.openqa.selenium.TimeoutException: Expected condition failed: waiting for ]]></system-out>
    <system-err><![CDATA[[main] INFO com.hiberus.university.selenium.support.Hooks - starting Validar que un producto se anade al carrito
[main] INFO io.github.bonigarcia.wdm.WebDriverManager - Using chromedriver 122.0.6261.94 (resolved driver for Chrome 122)
[main] INFO io.github.bonigarcia.wdm.WebDriverManager - Exporting webdriver.chrome.driver as C:\Users\Iván\.cache\selenium\chromedriver\win64\122.0.6261.94\chromedriver.exe
Starting ChromeDriver 122.0.6261.94 (880dbf29479c6152d5e4f08dfd3a96b30f919e56-refs/branch-heads/6261@{#960}) on port 19989
Only local connections are allowed.
Please see https://chromedriver.chromium.org/security-considerations for suggestions on keeping ChromeDriver safe.
ChromeDriver was started successfully.
mar 06, 2024 4:56:51 PM org.openqa.selenium.remote.ProtocolHandshake createSession
INFORMACIÓN: Detected dialect: W3C
[main] INFO com.hiberus.university.selenium.support.Hooks - ending Validar que un producto se anade al carrito
]]></system-err>
  </testcase>
  <testcase name="Validar que un producto se anade al carrito #4" classname="Verificar el funcionamiento de los productos destacados" time="14.602">
    <error message="Expected condition failed: waiting for condition to not be valid: text (&apos;0 item(s) - $0.00&apos;) to be present in element found by By.id: cart-total (tried for 10 second(s) with PT2S interval)&#10;Build info: version: &apos;3.141.59&apos;, revision: &apos;e82be7d358&apos;, time: &apos;2018-11-14T08:17:03&apos;&#10;System info: host: &apos;IVAN&apos;, ip: &apos;26.26.40.170&apos;, os.name: &apos;Windows 11&apos;, os.arch: &apos;amd64&apos;, os.version: &apos;10.0&apos;, java.version: &apos;1.8.0_402-402&apos;&#10;Driver info: driver.version: unknown" type="org.openqa.selenium.TimeoutException">org.openqa.selenium.TimeoutException: 
Expected condition failed: waiting for condition to not be valid: text ('0 item(s) - $0.00') to be present in element found by By.id: cart-total (tried for 10 second(s) with PT2S interval)
Build info: version: '3.141.59', revision: 'e82be7d358', time: '2018-11-14T08:17:03'
System info: host: 'IVAN', ip: '26.26.40.170', os.name: 'Windows 11', os.arch: 'amd64', os.version: '10.0', java.version: '1.8.0_402-402'
Driver info: driver.version: unknown
</error>
    <system-out><![CDATA[prizeWithoutTax - - 1271.0
]]></system-out>
    <system-err><![CDATA[[main] INFO com.hiberus.university.selenium.support.Hooks - starting Validar que un producto se anade al carrito
[main] INFO io.github.bonigarcia.wdm.WebDriverManager - Using chromedriver 122.0.6261.94 (resolved driver for Chrome 122)
[main] INFO io.github.bonigarcia.wdm.WebDriverManager - Exporting webdriver.chrome.driver as C:\Users\Iván\.cache\selenium\chromedriver\win64\122.0.6261.94\chromedriver.exe
Starting ChromeDriver 122.0.6261.94 (880dbf29479c6152d5e4f08dfd3a96b30f919e56-refs/branch-heads/6261@{#960}) on port 18090
Only local connections are allowed.
Please see https://chromedriver.chromium.org/security-considerations for suggestions on keeping ChromeDriver safe.
ChromeDriver was started successfully.
mar 06, 2024 4:57:06 PM org.openqa.selenium.remote.ProtocolHandshake createSession
INFORMACIÓN: Detected dialect: W3C
[main] INFO com.hiberus.university.selenium.support.Hooks - ending Validar que un producto se anade al carrito
]]></system-err>
  </testcase>
  <testcase name="Validar que varios productos aleatorios se anaden al carrito" classname="Verificar el funcionamiento de los productos destacados" time="4.712">
    <failure message="Los productos esperados en el carrito no coinciden con los actuales expected:&lt;2&gt; but was:&lt;1&gt;" type="java.lang.AssertionError"><![CDATA[java.lang.AssertionError: Los productos esperados en el carrito no coinciden con los actuales expected:<2> but was:<1>
]]></failure>
    <system-err><![CDATA[[main] INFO com.hiberus.university.selenium.support.Hooks - starting Validar que varios productos aleatorios se anaden al carrito
[main] INFO io.github.bonigarcia.wdm.WebDriverManager - Using chromedriver 122.0.6261.94 (resolved driver for Chrome 122)
[main] INFO io.github.bonigarcia.wdm.WebDriverManager - Exporting webdriver.chrome.driver as C:\Users\Iván\.cache\selenium\chromedriver\win64\122.0.6261.94\chromedriver.exe
Starting ChromeDriver 122.0.6261.94 (880dbf29479c6152d5e4f08dfd3a96b30f919e56-refs/branch-heads/6261@{#960}) on port 8559
Only local connections are allowed.
Please see https://chromedriver.chromium.org/security-considerations for suggestions on keeping ChromeDriver safe.
ChromeDriver was started successfully.
mar 06, 2024 4:57:20 PM org.openqa.selenium.remote.ProtocolHandshake createSession
INFORMACIÓN: Detected dialect: W3C
[main] INFO com.hiberus.university.selenium.support.Hooks - ending Validar que varios productos aleatorios se anaden al carrito
]]></system-err>
  </testcase>
  <testcase name="Validar que el mismo producto se anada varias veces al carrito #1" classname="Verificar el funcionamiento de los productos destacados" time="16.852">
    <error message="Expected condition failed: waiting for condition to not be valid: text (&apos;2 item(s) - $1,204.00&apos;) to be present in element found by By.id: cart-total (tried for 10 second(s) with PT2S interval)&#10;Build info: version: &apos;3.141.59&apos;, revision: &apos;e82be7d358&apos;, time: &apos;2018-11-14T08:17:03&apos;&#10;System info: host: &apos;IVAN&apos;, ip: &apos;26.26.40.170&apos;, os.name: &apos;Windows 11&apos;, os.arch: &apos;amd64&apos;, os.version: &apos;10.0&apos;, java.version: &apos;1.8.0_402-402&apos;&#10;Driver info: driver.version: unknown" type="org.openqa.selenium.TimeoutException">org.openqa.selenium.TimeoutException: 
Expected condition failed: waiting for condition to not be valid: text ('2 item(s) - $1,204.00') to be present in element found by By.id: cart-total (tried for 10 second(s) with PT2S interval)
Build info: version: '3.141.59', revision: 'e82be7d358', time: '2018-11-14T08:17:03'
System info: host: 'IVAN', ip: '26.26.40.170', os.name: 'Windows 11', os.arch: 'amd64', os.version: '10.0', java.version: '1.8.0_402-402'
Driver info: driver.version: unknown
</error>
    <system-out><![CDATA[prizeWithoutTax - - 1771.0
El producto se ha aÃ±adido correctamente al carrito.
prizeWithoutTax - - 2271.0
El producto se ha aÃ±adido correctamente al carrito.
prizeWithoutTax - - 2771.0
]]></system-out>
    <system-err><![CDATA[[main] INFO com.hiberus.university.selenium.support.Hooks - starting Validar que el mismo producto se anada varias veces al carrito
[main] INFO io.github.bonigarcia.wdm.WebDriverManager - Using chromedriver 122.0.6261.94 (resolved driver for Chrome 122)
[main] INFO io.github.bonigarcia.wdm.WebDriverManager - Exporting webdriver.chrome.driver as C:\Users\Iván\.cache\selenium\chromedriver\win64\122.0.6261.94\chromedriver.exe
Starting ChromeDriver 122.0.6261.94 (880dbf29479c6152d5e4f08dfd3a96b30f919e56-refs/branch-heads/6261@{#960}) on port 43592
Only local connections are allowed.
Please see https://chromedriver.chromium.org/security-considerations for suggestions on keeping ChromeDriver safe.
ChromeDriver was started successfully.
mar 06, 2024 4:57:25 PM org.openqa.selenium.remote.ProtocolHandshake createSession
INFORMACIÓN: Detected dialect: W3C
[main] INFO com.hiberus.university.selenium.support.Hooks - ending Validar que el mismo producto se anada varias veces al carrito
]]></system-err>
  </testcase>
  <testcase name="Validar que el mismo producto se anada varias veces al carrito #2" classname="Verificar el funcionamiento de los productos destacados" time="8.904"/>
  <testcase name="Introducir los datos invalidos #1" classname="Verificar la funcionalidad de la pagian de login" time="4.117"/>
  <testcase name="Introducir los datos invalidos #2" classname="Verificar la funcionalidad de la pagian de login" time="4.29"/>
  <testcase name="Introducir los datos invalidos #3" classname="Verificar la funcionalidad de la pagian de login" time="4.088"/>
  <testcase name="Introducir los datos correctos" classname="Verificar la funcionalidad de la pagian de login" time="4.467"/>
  <testcase name="Registro con datos vacios" classname="Verificar la funcionalidad del registro" time="4.311"/>
  <testcase name="Registro con datos vacios aceptando la Privacy Policy" classname="Verificar la funcionalidad del registro" time="4.302"/>
  <testcase name="Registro con los datos correctos" classname="Verificar la funcionalidad del registro" time="5.08">
    <failure message="Los mensajes de registro no coinciden expected:&lt;[Congratulations! Your new account has been successfully created!]&gt; but was:&lt;[If you already have an account with us, please login at the login page.]&gt;" type="org.junit.ComparisonFailure"><![CDATA[org.junit.ComparisonFailure: Los mensajes de registro no coinciden expected:<[Congratulations! Your new account has been successfully created!]> but was:<[If you already have an account with us, please login at the login page.]>
]]></failure>
    <system-out><![CDATA[   &amp#27;[90m# com.hiberus.university.selenium.stepdefs.FeaturedProductsSteps.anado_el_producto_al_carrito(java.lang.String)&amp#27;[0m
  &amp#27;[32mAnd &amp#27;[0m&amp#27;[32manado el producto &amp#27;[0m&amp#27;[32m&amp#27;[1m"iPhone"&amp#27;[0m&amp#27;[32m al carrito&amp#27;[0m                              &amp#27;[90m# com.hiberus.university.selenium.stepdefs.FeaturedProductsSteps.anado_el_producto_al_carrito(java.lang.String)&amp#27;[0m
  &amp#27;[32mAnd &amp#27;[0m&amp#27;[32manado el producto &amp#27;[0m&amp#27;[32m&amp#27;[1m"iPhone"&amp#27;[0m&amp#27;[32m al carrito&amp#27;[0m                              &amp#27;[90m# com.hiberus.university.selenium.stepdefs.FeaturedProductsSteps.anado_el_producto_al_carrito(java.lang.String)&amp#27;[0m
  &amp#27;[32mAnd &amp#27;[0m&amp#27;[32mhago click en el boton de carrito negro&amp#27;[0m                            &amp#27;[90m# com.hiberus.university.selenium.stepdefs.FeaturedProductsSteps.hago_click_en_el_boton_de_carrito_negro()&amp#27;[0m
  &amp#27;[32mThen &amp#27;[0m&amp#27;[32mcompruebo que en el carrito esta el elemento &amp#27;[0m&amp#27;[32m&amp#27;[1m"iPhone"&amp#27;[0m&amp#27;[32m &amp#27;[0m&amp#27;[32m&amp#27;[1m"3"&amp#27;[0m&amp#27;[32m veces&amp#27;[0m   &amp#27;[90m# com.hiberus.university.selenium.stepdefs.FeaturedProductsSteps.compruebo_que_en_el_carrito_esta_el_elemento_veces(java.lang.String,java.lang.String)&amp#27;[0m

Scenario: Introducir los datos invalidos                                                      &amp#27;[90m# src/test/resources/login.feature:13&amp#27;[0m
  &amp#27;[32mGiven &amp#27;[0m&amp#27;[32mme encuentro en la pagina home&amp#27;[0m                                                        &amp#27;[90m# com.hiberus.university.selenium.stepdefs.HomePageSteps.me_encuentro_en_la_pagina_home()&amp#27;[0m
  &amp#27;[32mWhen &amp#27;[0m&amp#27;[32mhago click en el boton de login&amp#27;[0m                                                        &amp#27;[90m# com.hiberus.university.selenium.stepdefs.HomePageSteps.hago_click_en_el_boton_de_login()&amp#27;[0m
  &amp#27;[32mAnd &amp#27;[0m&amp#27;[32mintroduzco el email &amp#27;[0m&amp#27;[32m&amp#27;[1m"ivangomcav.com"&amp#27;[0m&amp#27;[32m y la contrasena &amp#27;[0m&amp#27;[32m&amp#27;[1m"Boligrafo_12"&amp#27;[0m                     &amp#27;[90m# com.hiberus.university.selenium.stepdefs.LoginPageSteps.introduzco_el_email_y_la_contrasena(java.lang.String,java.lang.String)&amp#27;[0m
  &amp#27;[32mThen &amp#27;[0m&amp#27;[32mse muestra el mensaje de error &amp#27;[0m&amp#27;[32m&amp#27;[1m"Warning: No match for E-Mail Address and/or Password."&amp#27;[0m &amp#27;[90m# com.hiberus.university.selenium.stepdefs.LoginPageSteps.se_muestra_el_mensaje_de_error(java.lang.String)&amp#27;[0m

Scenario: Introducir los datos invalidos                                                      &amp#27;[90m# src/test/resources/login.feature:14&amp#27;[0m
  &amp#27;[32mGiven &amp#27;[0m&amp#27;[32mme encuentro en la pagina home&amp#27;[0m                                                        &amp#27;[90m# com.hiberus.university.selenium.stepdefs.HomePageSteps.me_encuentro_en_la_pagina_home()&amp#27;[0m
  &amp#27;[32mWhen &amp#27;[0m&amp#27;[32mhago click en el boton de login&amp#27;[0m                                                        &amp#27;[90m# com.hiberus.university.selenium.stepdefs.HomePageSteps.hago_click_en_el_boton_de_login()&amp#27;[0m
  &amp#27;[32mAnd &amp#27;[0m&amp#27;[32mintroduzco el email &amp#27;[0m&amp#27;[32m&amp#27;[1m"ivangomcav@gmail.com"&amp#27;[0m&amp#27;[32m y la contrasena &amp#27;[0m&amp#27;[32m&amp#27;[1m"pepepe"&amp#27;[0m                     &amp#27;[90m# com.hiberus.university.selenium.stepdefs.LoginPageSteps.introduzco_el_email_y_la_contrasena(java.lang.String,java.lang.String)&amp#27;[0m
  &amp#27;[32mThen &amp#27;[0m&amp#27;[32mse muestra el mensaje de error &amp#27;[0m&amp#27;[32m&amp#27;[1m"Warning: No match for E-Mail Address and/or Password."&amp#27;[0m &amp#27;[90m# com.hiberus.university.selenium.stepdefs.LoginPageSteps.se_muestra_el_mensaje_de_error(java.lang.String)&amp#27;[0m

Scenario: Introducir los datos invalidos                                                      &amp#27;[90m# src/test/resources/login.feature:15&amp#27;[0m
  &amp#27;[32mGiven &amp#27;[0m&amp#27;[32mme encuentro en la pagina home&amp#27;[0m                                                        &amp#27;[90m# com.hiberus.university.selenium.stepdefs.HomePageSteps.me_encuentro_en_la_pagina_home()&amp#27;[0m
  &amp#27;[32mWhen &amp#27;[0m&amp#27;[32mhago click en el boton de login&amp#27;[0m                                                        &amp#27;[90m# com.hiberus.university.selenium.stepdefs.HomePageSteps.hago_click_en_el_boton_de_login()&amp#27;[0m
  &amp#27;[32mAnd &amp#27;[0m&amp#27;[32mintroduzco el email &amp#27;[0m&amp#27;[32m&amp#27;[1m".com"&amp#27;[0m&amp#27;[32m y la contrasena &amp#27;[0m&amp#27;[32m&amp#27;[1m"pepepe"&amp#27;[0m                                     &amp#27;[90m# com.hiberus.university.selenium.stepdefs.LoginPageSteps.introduzco_el_email_y_la_contrasena(java.lang.String,java.lang.String)&amp#27;[0m
  &amp#27;[32mThen &amp#27;[0m&amp#27;[32mse muestra el mensaje de error &amp#27;[0m&amp#27;[32m&amp#27;[1m"Warning: No match for E-Mail Address and/or Password."&amp#27;[0m &amp#27;[90m# com.hiberus.university.selenium.stepdefs.LoginPageSteps.se_muestra_el_mensaje_de_error(java.lang.String)&amp#27;[0m

Scenario: Introducir los datos correctos                                                                      &amp#27;[90m# src/test/resources/login.feature:17&amp#27;[0m
  &amp#27;[32mGiven &amp#27;[0m&amp#27;[32mme encuentro en la pagina home&amp#27;[0m                                                                        &amp#27;[90m# com.hiberus.university.selenium.stepdefs.HomePageSteps.me_encuentro_en_la_pagina_home()&amp#27;[0m
  &amp#27;[32mWhen &amp#27;[0m&amp#27;[32mhago click en el boton de login&amp#27;[0m                                                                        &amp#27;[90m# com.hiberus.university.selenium.stepdefs.HomePageSteps.hago_click_en_el_boton_de_login()&amp#27;[0m
  &amp#27;[32mAnd &amp#27;[0m&amp#27;[32mintroduzco el email &amp#27;[0m&amp#27;[32m&amp#27;[1m"ivangomcav@gmail.com"&amp#27;[0m&amp#27;[32m y la contrasena &amp#27;[0m&amp#27;[32m&amp#27;[1m"Boligrafo_12"&amp#27;[0m                               &amp#27;[90m# com.hiberus.university.selenium.stepdefs.LoginPageSteps.introduzco_el_email_y_la_contrasena(java.lang.String,java.lang.String)&amp#27;[0m
  &amp#27;[32mThen &amp#27;[0m&amp#27;[32mme encuentro en la pagina de MyAccount &amp#27;[0m&amp#27;[32m&amp#27;[1m"https://opencart.abstracta.us/index.php?route=account/account"&amp#27;[0m &amp#27;[90m# com.hiberus.university.selenium.stepdefs.MyAccountPageSteps.me_encuentro_en_la_pagina_de_my_account(java.lang.String)&amp#27;[0m

Scenario: Registro con datos vacios                                                 &amp#27;[90m# src/test/resources/register.feature:7&amp#27;[0m
  &amp#27;[32mGiven &amp#27;[0m&amp#27;[32mme encuentro en la pagina home&amp#27;[0m                                              &amp#27;[90m# com.hiberus.university.selenium.stepdefs.HomePageSteps.me_encuentro_en_la_pagina_home()&amp#27;[0m
  &amp#27;[32mWhen &amp#27;[0m&amp#27;[32mhago click en el boton de registro&amp#27;[0m                                           &amp#27;[90m# com.hiberus.university.selenium.stepdefs.HomePageSteps.hago_click_en_el_boton_de_registro()&amp#27;[0m
  &amp#27;[32mAnd &amp#27;[0m&amp#27;[32mle doy al boton de continuar&amp#27;[0m                                                  &amp#27;[90m# com.hiberus.university.selenium.stepdefs.RegisterPageSteps.le_doy_al_boton_de_continuar()&amp#27;[0m
  &amp#27;[32mThen &amp#27;[0m&amp#27;[32maparece el mensaje de error &amp#27;[0m&amp#27;[32m&amp#27;[1m"Warning: You must agree to the Privacy Policy!"&amp#27;[0m &amp#27;[90m# com.hiberus.university.selenium.stepdefs.RegisterPageSteps.aparece_el_mensaje_de_error(java.lang.String)&amp#27;[0m

Scenario: Registro con datos vacios aceptando la Privacy Policy        &amp#27;[90m# src/test/resources/register.feature:11&amp#27;[0m
  &amp#27;[32mGiven &amp#27;[0m&amp#27;[32mme encuentro en la pagina home&amp#27;[0m                                 &amp#27;[90m# com.hiberus.university.selenium.stepdefs.HomePageSteps.me_encuentro_en_la_pagina_home()&amp#27;[0m
  &amp#27;[32mWhen &amp#27;[0m&amp#27;[32mhago click en el boton de registro&amp#27;[0m                              &amp#27;[90m# com.hiberus.university.selenium.stepdefs.HomePageSteps.hago_click_en_el_boton_de_registro()&amp#27;[0m
  &amp#27;[32mAnd &amp#27;[0m&amp#27;[32mhago click en el checkbox de PrivacyPolicy&amp#27;[0m                       &amp#27;[90m# com.hiberus.university.selenium.stepdefs.RegisterPageSteps.hago_click_en_el_checkbox_de_privacy_policy()&amp#27;[0m
  &amp#27;[32mAnd &amp#27;[0m&amp#27;[32mle doy al boton de continuar&amp#27;[0m                                     &amp#27;[90m# com.hiberus.university.selenium.stepdefs.RegisterPageSteps.le_doy_al_boton_de_continuar()&amp#27;[0m
  &amp#27;[32mThen &amp#27;[0m&amp#27;[32maparecen todos los mensajes de error de los inputs obligatorios&amp#27;[0m &amp#27;[90m# com.hiberus.university.selenium.stepdefs.RegisterPageSteps.aparecen_todos_los_mensajes_de_error_de_los_inputs_obligatorios()&amp#27;[0m

Scenario: Registro con los datos correctos                                                                                                        &amp#27;[90m# src/test/resources/register.feature:24&amp#27;[0m
  &amp#27;[32mGiven &amp#27;[0m&amp#27;[32mme encuentro en la pagina home&amp#27;[0m                                                                                                            &amp#27;[90m# com.hiberus.university.selenium.stepdefs.HomePageSteps.me_encuentro_en_la_pagina_home()&amp#27;[0m
  &amp#27;[32mWhen &amp#27;[0m&amp#27;[32mhago click en el boton de registro&amp#27;[0m                          ]]></system-out>
    <system-err><![CDATA[[main] INFO com.hiberus.university.selenium.support.Hooks - starting Registro con los datos correctos
[main] INFO io.github.bonigarcia.wdm.WebDriverManager - Using chromedriver 122.0.6261.94 (resolved driver for Chrome 122)
[main] INFO io.github.bonigarcia.wdm.WebDriverManager - Exporting webdriver.chrome.driver as C:\Users\Iván\.cache\selenium\chromedriver\win64\122.0.6261.94\chromedriver.exe
Starting ChromeDriver 122.0.6261.94 (880dbf29479c6152d5e4f08dfd3a96b30f919e56-refs/branch-heads/6261@{#960}) on port 51541
Only local connections are allowed.
Please see https://chromedriver.chromium.org/security-considerations for suggestions on keeping ChromeDriver safe.
ChromeDriver was started successfully.
mar 06, 2024 4:58:17 PM org.openqa.selenium.remote.ProtocolHandshake createSession
INFORMACIÓN: Detected dialect: W3C
[main] INFO com.hiberus.university.selenium.support.Hooks - ending Registro con los datos correctos
]]></system-err>
  </testcase>
</testsuite>