<?xml version="1.0" encoding="UTF-8"?>
<testsuite xmlns:xsi="http://www.w3.org/2001/XMLSchema-instance" xsi:noNamespaceSchemaLocation="https://maven.apache.org/surefire/maven-surefire-plugin/xsd/surefire-test-report.xsd" name="com.hiberus.university.selenium.runner.CucumberRunnerTest" time="66.271" tests="19" errors="0" skipped="0" failures="1">
  <properties>
[...]
</properties>
  <testcase name="Validar eliminar producto desde el carrito" classname="Validacion funcionalidad carrito" time="3.477"/>
  <testcase name="Validar comprobar el precio final" classname="Validar funcionalidad checkout" time="2.351">
    <failure message="Los precios no coinciden expected:&lt;119.95&gt; but was:&lt;73.97&gt;" type="java.lang.AssertionError"><![CDATA[java.lang.AssertionError: Los precios no coinciden expected:<119.95> but was:<73.97>
]]></failure>
    <system-err><![CDATA[[main] INFO com.hiberus.university.selenium.support.Hooks - starting Validar comprobar el precio final
[main] INFO io.github.bonigarcia.wdm.WebDriverManager - Using chromedriver 121.0.6167.184 (resolved driver for Chrome 121)
[main] INFO io.github.bonigarcia.wdm.WebDriverManager - Exporting webdriver.chrome.driver as C:\Users\Iván\.cache\selenium\chromedriver\win64\121.0.6167.184\chromedriver.exe
Starting ChromeDriver 121.0.6167.184 (057a8ae7deb3374d0f1b04b36304d236f0136188-refs/branch-heads/6167@{#1818}) on port 31954
Only local connections are allowed.
Please see https://chromedriver.chromium.org/security-considerations for suggestions on keeping ChromeDriver safe.
ChromeDriver was started successfully.
feb 28, 2024 7:07:13 P. M. org.openqa.selenium.remote.ProtocolHandshake createSession
INFO: Detected dialect: W3C
[main] INFO com.hiberus.university.selenium.support.Hooks - ending Validar comprobar el precio final
]]></system-err>
  </testcase>
  <testcase name="Validar realizar un pedidio" classname="Validar funcionalidad checkout" time="2.271"/>
  <testcase name="Validar el numero de resultados" classname="Validacion funcionalidad inventario" time="1.552"/>
  <testcase name="Validar la existencia de un producto #1" classname="Validacion funcionalidad inventario" time="1.754"/>
  <testcase name="Validar la existencia de un producto #2" classname="Validacion funcionalidad inventario" time="1.69"/>
  <testcase name="Validar la existencia de un producto #3" classname="Validacion funcionalidad inventario" time="1.86"/>
  <testcase name="Validar que un producto se anade al carrito #1" classname="Validacion funcionalidad inventario" time="1.736"/>
  <testcase name="Validar que un producto se anade al carrito #2" classname="Validacion funcionalidad inventario" time="1.679"/>
  <testcase name="Validar que un producto se anade al carrito #3" classname="Validacion funcionalidad inventario" time="1.675"/>
  <testcase name="Validar eliminar producto del carrito" classname="Validacion funcionalidad inventario" time="31.908"/>
  <testcase name="Validar agregar varios productos al carrito" classname="Validacion funcionalidad inventario" time="1.766"/>
  <testcase name="Validar ordenar de Z-A" classname="Validacion funcionalidad inventario" time="1.806"/>
  <testcase name="Validar ordenar por precio de Menor a Mayor" classname="Validacion funcionalidad inventario" time="1.795"/>
  <testcase name="Validar ordenar por precio de Mayor a Menor" classname="Validacion funcionalidad inventario" time="1.79"/>
  <testcase name="Verificar login de la aplicacion #1" classname="Validación funcionalidad Login" time="1.543"/>
  <testcase name="Verificar login de la aplicacion #2" classname="Validación funcionalidad Login" time="1.541"/>
  <testcase name="Verificar mensaje de error de login fallido" classname="Validación funcionalidad Login" time="1.539"/>
  <testcase name="Validar cerrar sesion" classname="Validar cerrar sesion" time="1.757"/>
</testsuite>